<?xml version="1.0" encoding="UTF-8"?>
<testsuite xmlns:xsi="http://www.w3.org/2001/XMLSchema-instance" xsi:noNamespaceSchemaLocation="https://maven.apache.org/surefire/maven-surefire-plugin/xsd/surefire-test-report.xsd" name="homework.neo4j.SpringBootNeo4jApplicationTests" time="2.162" tests="1" errors="1" skipped="0" failures="0">
  <properties>
    <property name="sun.desktop" value="gnome"/>
    <property name="awt.toolkit" value="sun.awt.X11.XToolkit"/>
    <property name="file.encoding.pkg" value="sun.io"/>
    <property name="java.specification.version" value="1.8"/>
    <property name="sun.cpu.isalist" value=""/>
    <property name="sun.jnu.encoding" value="UTF-8"/>
    <property name="java.class.path" value="/home/nileshjani/Documents/impdoc/workspace-sts-3.7.0.RELEASE/spring-boot-neo4j-example/target/test-classes:/home/nileshjani/Documents/impdoc/workspace-sts-3.7.0.RELEASE/spring-boot-neo4j-example/target/classes:/home/nileshjani/.m2/repository/org/springframework/boot/spring-boot-starter-aop/2.0.1.RELEASE/spring-boot-starter-aop-2.0.1.RELEASE.jar:/home/nileshjani/.m2/repository/org/springframework/boot/spring-boot-starter/2.0.1.RELEASE/spring-boot-starter-2.0.1.RELEASE.jar:/home/nileshjani/.m2/repository/org/springframework/boot/spring-boot/2.0.1.RELEASE/spring-boot-2.0.1.RELEASE.jar:/home/nileshjani/.m2/repository/org/springframework/boot/spring-boot-autoconfigure/2.0.1.RELEASE/spring-boot-autoconfigure-2.0.1.RELEASE.jar:/home/nileshjani/.m2/repository/org/springframework/boot/spring-boot-starter-logging/2.0.1.RELEASE/spring-boot-starter-logging-2.0.1.RELEASE.jar:/home/nileshjani/.m2/repository/org/apache/logging/log4j/log4j-to-slf4j/2.10.0/log4j-to-slf4j-2.10.0.jar:/home/nileshjani/.m2/repository/org/apache/logging/log4j/log4j-api/2.10.0/log4j-api-2.10.0.jar:/home/nileshjani/.m2/repository/org/slf4j/jul-to-slf4j/1.7.25/jul-to-slf4j-1.7.25.jar:/home/nileshjani/.m2/repository/javax/annotation/javax.annotation-api/1.3.2/javax.annotation-api-1.3.2.jar:/home/nileshjani/.m2/repository/org/yaml/snakeyaml/1.19/snakeyaml-1.19.jar:/home/nileshjani/.m2/repository/org/springframework/spring-aop/5.0.5.RELEASE/spring-aop-5.0.5.RELEASE.jar:/home/nileshjani/.m2/repository/org/aspectj/aspectjweaver/1.8.13/aspectjweaver-1.8.13.jar:/home/nileshjani/.m2/repository/org/neo4j/neo4j-ogm/1.1.0/neo4j-ogm-1.1.0.jar:/home/nileshjani/.m2/repository/com/fasterxml/jackson/core/jackson-databind/2.9.5/jackson-databind-2.9.5.jar:/home/nileshjani/.m2/repository/com/fasterxml/jackson/core/jackson-annotations/2.9.0/jackson-annotations-2.9.0.jar:/home/nileshjani/.m2/repository/com/fasterxml/jackson/core/jackson-core/2.9.5/jackson-core-2.9.5.jar:/home/nileshjani/.m2/repository/org/apache/httpcomponents/httpclient/4.5.5/httpclient-4.5.5.jar:/home/nileshjani/.m2/repository/org/apache/httpcomponents/httpcore/4.4.9/httpcore-4.4.9.jar:/home/nileshjani/.m2/repository/commons-codec/commons-codec/1.11/commons-codec-1.11.jar:/home/nileshjani/.m2/repository/org/neo4j/neo4j/2.2.2/neo4j-2.2.2.jar:/home/nileshjani/.m2/repository/org/neo4j/neo4j-kernel/2.2.2/neo4j-kernel-2.2.2.jar:/home/nileshjani/.m2/repository/org/neo4j/neo4j-primitive-collections/2.2.2/neo4j-primitive-collections-2.2.2.jar:/home/nileshjani/.m2/repository/org/neo4j/neo4j-unsafe/2.2.2/neo4j-unsafe-2.2.2.jar:/home/nileshjani/.m2/repository/org/neo4j/neo4j-io/2.2.2/neo4j-io-2.2.2.jar:/home/nileshjani/.m2/repository/org/neo4j/neo4j-csv/2.2.2/neo4j-csv-2.2.2.jar:/home/nileshjani/.m2/repository/org/neo4j/neo4j-lucene-index/2.2.2/neo4j-lucene-index-2.2.2.jar:/home/nileshjani/.m2/repository/org/apache/lucene/lucene-core/3.6.2/lucene-core-3.6.2.jar:/home/nileshjani/.m2/repository/org/neo4j/neo4j-graph-algo/2.2.2/neo4j-graph-algo-2.2.2.jar:/home/nileshjani/.m2/repository/org/neo4j/neo4j-udc/2.2.2/neo4j-udc-2.2.2.jar:/home/nileshjani/.m2/repository/org/neo4j/neo4j-graph-matching/2.2.2/neo4j-graph-matching-2.2.2.jar:/home/nileshjani/.m2/repository/org/neo4j/neo4j-cypher/2.2.2/neo4j-cypher-2.2.2.jar:/home/nileshjani/.m2/repository/org/scala-lang/scala-library/2.10.5/scala-library-2.10.5.jar:/home/nileshjani/.m2/repository/org/scala-lang/scala-reflect/2.10.5/scala-reflect-2.10.5.jar:/home/nileshjani/.m2/repository/org/neo4j/neo4j-cypher-compiler-1.9/2.0.4/neo4j-cypher-compiler-1.9-2.0.4.jar:/home/nileshjani/.m2/repository/org/neo4j/neo4j-cypher-compiler-2.0/2.0.4/neo4j-cypher-compiler-2.0-2.0.4.jar:/home/nileshjani/.m2/repository/org/neo4j/neo4j-cypher-compiler-2.1/2.1.8/neo4j-cypher-compiler-2.1-2.1.8.jar:/home/nileshjani/.m2/repository/org/neo4j/neo4j-cypher-compiler-2.2/2.2.2/neo4j-cypher-compiler-2.2-2.2.2.jar:/home/nileshjani/.m2/repository/org/parboiled/parboiled-scala_2.10/1.1.7/parboiled-scala_2.10-1.1.7.jar:/home/nileshjani/.m2/repository/org/parboiled/parboiled-core/1.1.7/parboiled-core-1.1.7.jar:/home/nileshjani/.m2/repository/net/sf/opencsv/opencsv/2.3/opencsv-2.3.jar:/home/nileshjani/.m2/repository/com/googlecode/concurrentlinkedhashmap/concurrentlinkedhashmap-lru/1.4/concurrentlinkedhashmap-lru-1.4.jar:/home/nileshjani/.m2/repository/org/neo4j/neo4j-jmx/2.2.2/neo4j-jmx-2.2.2.jar:/home/nileshjani/.m2/repository/org/neo4j/neo4j-consistency-check/2.2.2/neo4j-consistency-check-2.2.2.jar:/home/nileshjani/.m2/repository/org/neo4j/app/neo4j-server/2.2.2/neo4j-server-2.2.2.jar:/home/nileshjani/.m2/repository/org/neo4j/server-api/2.2.2/server-api-2.2.2.jar:/home/nileshjani/.m2/repository/org/neo4j/3rdparty/javax/ws/rs/jsr311-api/1.1.2.r612/jsr311-api-1.1.2.r612.jar:/home/nileshjani/.m2/repository/org/neo4j/app/neo4j-browser/2.2.2/neo4j-browser-2.2.2.jar:/home/nileshjani/.m2/repository/ch/qos/logback/logback-classic/1.2.3/logback-classic-1.2.3.jar:/home/nileshjani/.m2/repository/ch/qos/logback/logback-core/1.2.3/logback-core-1.2.3.jar:/home/nileshjani/.m2/repository/ch/qos/logback/logback-access/1.2.3/logback-access-1.2.3.jar:/home/nileshjani/.m2/repository/org/codehaus/janino/janino/3.0.8/janino-3.0.8.jar:/home/nileshjani/.m2/repository/org/codehaus/janino/commons-compiler/3.0.8/commons-compiler-3.0.8.jar:/home/nileshjani/.m2/repository/org/eclipse/jetty/jetty-server/9.4.9.v20180320/jetty-server-9.4.9.v20180320.jar:/home/nileshjani/.m2/repository/javax/servlet/javax.servlet-api/3.1.0/javax.servlet-api-3.1.0.jar:/home/nileshjani/.m2/repository/org/eclipse/jetty/jetty-http/9.4.9.v20180320/jetty-http-9.4.9.v20180320.jar:/home/nileshjani/.m2/repository/org/eclipse/jetty/jetty-util/9.4.9.v20180320/jetty-util-9.4.9.v20180320.jar:/home/nileshjani/.m2/repository/org/eclipse/jetty/jetty-io/9.4.9.v20180320/jetty-io-9.4.9.v20180320.jar:/home/nileshjani/.m2/repository/org/eclipse/jetty/jetty-webapp/9.4.9.v20180320/jetty-webapp-9.4.9.v20180320.jar:/home/nileshjani/.m2/repository/org/eclipse/jetty/jetty-xml/9.4.9.v20180320/jetty-xml-9.4.9.v20180320.jar:/home/nileshjani/.m2/repository/org/eclipse/jetty/jetty-servlet/9.4.9.v20180320/jetty-servlet-9.4.9.v20180320.jar:/home/nileshjani/.m2/repository/org/eclipse/jetty/jetty-security/9.4.9.v20180320/jetty-security-9.4.9.v20180320.jar:/home/nileshjani/.m2/repository/com/sun/jersey/jersey-server/1.18.1/jersey-server-1.18.1.jar:/home/nileshjani/.m2/repository/com/sun/jersey/jersey-core/1.18.1/jersey-core-1.18.1.jar:/home/nileshjani/.m2/repository/com/sun/jersey/jersey-servlet/1.18.1/jersey-servlet-1.18.1.jar:/home/nileshjani/.m2/repository/commons-configuration/commons-configuration/1.10/commons-configuration-1.10.jar:/home/nileshjani/.m2/repository/commons-logging/commons-logging/1.1.1/commons-logging-1.1.1.jar:/home/nileshjani/.m2/repository/commons-digester/commons-digester/2.1/commons-digester-2.1.jar:/home/nileshjani/.m2/repository/commons-beanutils/commons-beanutils/1.8.3/commons-beanutils-1.8.3.jar:/home/nileshjani/.m2/repository/org/codehaus/jackson/jackson-jaxrs/1.9.13/jackson-jaxrs-1.9.13.jar:/home/nileshjani/.m2/repository/org/codehaus/jackson/jackson-core-asl/1.9.13/jackson-core-asl-1.9.13.jar:/home/nileshjani/.m2/repository/org/codehaus/jackson/jackson-mapper-asl/1.9.13/jackson-mapper-asl-1.9.13.jar:/home/nileshjani/.m2/repository/org/rrd4j/rrd4j/2.2/rrd4j-2.2.jar:/home/nileshjani/.m2/repository/org/mozilla/rhino/1.7R4/rhino-1.7R4.jar:/home/nileshjani/.m2/repository/bouncycastle/bcprov-jdk16/140/bcprov-jdk16-140.jar:/home/nileshjani/.m2/repository/com/sun/jersey/contribs/jersey-multipart/1.18.1/jersey-multipart-1.18.1.jar:/home/nileshjani/.m2/repository/org/jvnet/mimepull/mimepull/1.9.3/mimepull-1.9.3.jar:/home/nileshjani/.m2/repository/org/neo4j/neo4j-shell/2.2.2/neo4j-shell-2.2.2.jar:/home/nileshjani/.m2/repository/org/apache/servicemix/bundles/org.apache.servicemix.bundles.jline/0.9.94_1/org.apache.servicemix.bundles.jline-0.9.94_1.jar:/home/nileshjani/.m2/repository/commons-lang/commons-lang/2.6/commons-lang-2.6.jar:/home/nileshjani/.m2/repository/org/springframework/data/spring-data-neo4j/5.0.6.RELEASE/spring-data-neo4j-5.0.6.RELEASE.jar:/home/nileshjani/.m2/repository/org/springframework/spring-tx/5.0.5.RELEASE/spring-tx-5.0.5.RELEASE.jar:/home/nileshjani/.m2/repository/org/springframework/spring-context/5.0.5.RELEASE/spring-context-5.0.5.RELEASE.jar:/home/nileshjani/.m2/repository/org/springframework/spring-expression/5.0.5.RELEASE/spring-expression-5.0.5.RELEASE.jar:/home/nileshjani/.m2/repository/org/springframework/spring-beans/5.0.5.RELEASE/spring-beans-5.0.5.RELEASE.jar:/home/nileshjani/.m2/repository/org/springframework/spring-core/5.0.5.RELEASE/spring-core-5.0.5.RELEASE.jar:/home/nileshjani/.m2/repository/org/springframework/spring-jcl/5.0.5.RELEASE/spring-jcl-5.0.5.RELEASE.jar:/home/nileshjani/.m2/repository/org/slf4j/jcl-over-slf4j/1.7.25/jcl-over-slf4j-1.7.25.jar:/home/nileshjani/.m2/repository/org/springframework/data/spring-data-commons/2.0.6.RELEASE/spring-data-commons-2.0.6.RELEASE.jar:/home/nileshjani/.m2/repository/org/neo4j/neo4j-ogm-bolt-driver/3.1.0/neo4j-ogm-bolt-driver-3.1.0.jar:/home/nileshjani/.m2/repository/org/slf4j/slf4j-api/1.7.25/slf4j-api-1.7.25.jar:/home/nileshjani/.m2/repository/org/neo4j/neo4j-ogm-http-driver/3.1.0/neo4j-ogm-http-driver-3.1.0.jar:/home/nileshjani/.m2/repository/org/neo4j/neo4j-ogm-api/3.1.0/neo4j-ogm-api-3.1.0.jar:/home/nileshjani/.m2/repository/commons-io/commons-io/2.4/commons-io-2.4.jar:/home/nileshjani/.m2/repository/org/neo4j/neo4j-ogm-core/3.1.0/neo4j-ogm-core-3.1.0.jar:/home/nileshjani/.m2/repository/org/apache/commons/commons-lang3/3.7/commons-lang3-3.7.jar:/home/nileshjani/.m2/repository/io/github/lukehutch/fast-classpath-scanner/2.7.4/fast-classpath-scanner-2.7.4.jar:/home/nileshjani/.m2/repository/org/neo4j/neo4j-ogm-embedded-driver/3.1.2/neo4j-ogm-embedded-driver-3.1.2.jar:/home/nileshjani/.m2/repository/org/neo4j/neo4j-jdbc-bolt/3.4.0/neo4j-jdbc-bolt-3.4.0.jar:/home/nileshjani/.m2/repository/org/neo4j/driver/neo4j-java-driver/1.6.1/neo4j-java-driver-1.6.1.jar:/home/nileshjani/.m2/repository/org/neo4j/neo4j-jdbc/3.4.0/neo4j-jdbc-3.4.0.jar:/home/nileshjani/.m2/repository/org/springframework/boot/spring-boot-starter-thymeleaf/2.0.1.RELEASE/spring-boot-starter-thymeleaf-2.0.1.RELEASE.jar:/home/nileshjani/.m2/repository/org/thymeleaf/thymeleaf-spring5/3.0.9.RELEASE/thymeleaf-spring5-3.0.9.RELEASE.jar:/home/nileshjani/.m2/repository/org/thymeleaf/thymeleaf/3.0.9.RELEASE/thymeleaf-3.0.9.RELEASE.jar:/home/nileshjani/.m2/repository/org/attoparser/attoparser/2.0.4.RELEASE/attoparser-2.0.4.RELEASE.jar:/home/nileshjani/.m2/repository/org/unbescape/unbescape/1.1.5.RELEASE/unbescape-1.1.5.RELEASE.jar:/home/nileshjani/.m2/repository/org/thymeleaf/extras/thymeleaf-extras-java8time/3.0.1.RELEASE/thymeleaf-extras-java8time-3.0.1.RELEASE.jar:/home/nileshjani/.m2/repository/org/springframework/boot/spring-boot-starter-web/2.0.1.RELEASE/spring-boot-starter-web-2.0.1.RELEASE.jar:/home/nileshjani/.m2/repository/org/springframework/boot/spring-boot-starter-json/2.0.1.RELEASE/spring-boot-starter-json-2.0.1.RELEASE.jar:/home/nileshjani/.m2/repository/com/fasterxml/jackson/datatype/jackson-datatype-jdk8/2.9.5/jackson-datatype-jdk8-2.9.5.jar:/home/nileshjani/.m2/repository/com/fasterxml/jackson/datatype/jackson-datatype-jsr310/2.9.5/jackson-datatype-jsr310-2.9.5.jar:/home/nileshjani/.m2/repository/com/fasterxml/jackson/module/jackson-module-parameter-names/2.9.5/jackson-module-parameter-names-2.9.5.jar:/home/nileshjani/.m2/repository/org/springframework/boot/spring-boot-starter-tomcat/2.0.1.RELEASE/spring-boot-starter-tomcat-2.0.1.RELEASE.jar:/home/nileshjani/.m2/repository/org/apache/tomcat/embed/tomcat-embed-core/8.5.29/tomcat-embed-core-8.5.29.jar:/home/nileshjani/.m2/repository/org/apache/tomcat/embed/tomcat-embed-el/8.5.29/tomcat-embed-el-8.5.29.jar:/home/nileshjani/.m2/repository/org/apache/tomcat/embed/tomcat-embed-websocket/8.5.29/tomcat-embed-websocket-8.5.29.jar:/home/nileshjani/.m2/repository/org/hibernate/validator/hibernate-validator/6.0.9.Final/hibernate-validator-6.0.9.Final.jar:/home/nileshjani/.m2/repository/javax/validation/validation-api/2.0.1.Final/validation-api-2.0.1.Final.jar:/home/nileshjani/.m2/repository/org/jboss/logging/jboss-logging/3.3.2.Final/jboss-logging-3.3.2.Final.jar:/home/nileshjani/.m2/repository/com/fasterxml/classmate/1.3.4/classmate-1.3.4.jar:/home/nileshjani/.m2/repository/org/springframework/spring-web/5.0.5.RELEASE/spring-web-5.0.5.RELEASE.jar:/home/nileshjani/.m2/repository/org/springframework/spring-webmvc/5.0.5.RELEASE/spring-webmvc-5.0.5.RELEASE.jar:/home/nileshjani/.m2/repository/org/springframework/boot/spring-boot-starter-test/2.0.1.RELEASE/spring-boot-starter-test-2.0.1.RELEASE.jar:/home/nileshjani/.m2/repository/org/springframework/boot/spring-boot-test/2.0.1.RELEASE/spring-boot-test-2.0.1.RELEASE.jar:/home/nileshjani/.m2/repository/org/springframework/boot/spring-boot-test-autoconfigure/2.0.1.RELEASE/spring-boot-test-autoconfigure-2.0.1.RELEASE.jar:/home/nileshjani/.m2/repository/com/jayway/jsonpath/json-path/2.4.0/json-path-2.4.0.jar:/home/nileshjani/.m2/repository/net/minidev/json-smart/2.3/json-smart-2.3.jar:/home/nileshjani/.m2/repository/net/minidev/accessors-smart/1.2/accessors-smart-1.2.jar:/home/nileshjani/.m2/repository/org/ow2/asm/asm/5.0.4/asm-5.0.4.jar:/home/nileshjani/.m2/repository/junit/junit/4.12/junit-4.12.jar:/home/nileshjani/.m2/repository/org/assertj/assertj-core/3.9.1/assertj-core-3.9.1.jar:/home/nileshjani/.m2/repository/org/mockito/mockito-core/2.15.0/mockito-core-2.15.0.jar:/home/nileshjani/.m2/repository/net/bytebuddy/byte-buddy/1.7.11/byte-buddy-1.7.11.jar:/home/nileshjani/.m2/repository/net/bytebuddy/byte-buddy-agent/1.7.11/byte-buddy-agent-1.7.11.jar:/home/nileshjani/.m2/repository/org/objenesis/objenesis/2.6/objenesis-2.6.jar:/home/nileshjani/.m2/repository/org/hamcrest/hamcrest-core/1.3/hamcrest-core-1.3.jar:/home/nileshjani/.m2/repository/org/hamcrest/hamcrest-library/1.3/hamcrest-library-1.3.jar:/home/nileshjani/.m2/repository/org/skyscreamer/jsonassert/1.5.0/jsonassert-1.5.0.jar:/home/nileshjani/.m2/repository/com/vaadin/external/google/android-json/0.0.20131108.vaadin1/android-json-0.0.20131108.vaadin1.jar:/home/nileshjani/.m2/repository/org/springframework/spring-test/5.0.5.RELEASE/spring-test-5.0.5.RELEASE.jar:/home/nileshjani/.m2/repository/org/xmlunit/xmlunit-core/2.5.1/xmlunit-core-2.5.1.jar:/home/nileshjani/.m2/repository/org/junit/jupiter/junit-jupiter-engine/5.0.0/junit-jupiter-engine-5.0.0.jar:/home/nileshjani/.m2/repository/org/apiguardian/apiguardian-api/1.0.0/apiguardian-api-1.0.0.jar:/home/nileshjani/.m2/repository/org/junit/platform/junit-platform-engine/1.0.0/junit-platform-engine-1.0.0.jar:/home/nileshjani/.m2/repository/org/junit/platform/junit-platform-commons/1.0.0/junit-platform-commons-1.0.0.jar:/home/nileshjani/.m2/repository/org/opentest4j/opentest4j/1.0.0/opentest4j-1.0.0.jar:/home/nileshjani/.m2/repository/org/junit/jupiter/junit-jupiter-api/5.1.0/junit-jupiter-api-5.1.0.jar:"/>
    <property name="java.vm.vendor" value="Oracle Corporation"/>
    <property name="sun.arch.data.model" value="64"/>
    <property name="java.vendor.url" value="http://java.oracle.com/"/>
    <property name="user.timezone" value=""/>
    <property name="java.vm.specification.version" value="1.8"/>
    <property name="os.name" value="Linux"/>
    <property name="user.country" value="US"/>
    <property name="sun.java.launcher" value="SUN_STANDARD"/>
    <property name="sun.boot.library.path" value="/usr/lib/jvm/java-8-oracle/jre/lib/amd64"/>
    <property name="sun.java.command" value="/home/nileshjani/Documents/impdoc/workspace-sts-3.7.0.RELEASE/spring-boot-neo4j-example/target/surefire/surefirebooter6351230938805137316.jar /home/nileshjani/Documents/impdoc/workspace-sts-3.7.0.RELEASE/spring-boot-neo4j-example/target/surefire 2020-03-23T14-20-38_435-jvmRun1 surefire2427689146131663538tmp surefire_06102013517863308108tmp"/>
    <property name="surefire.test.class.path" value="/home/nileshjani/Documents/impdoc/workspace-sts-3.7.0.RELEASE/spring-boot-neo4j-example/target/test-classes:/home/nileshjani/Documents/impdoc/workspace-sts-3.7.0.RELEASE/spring-boot-neo4j-example/target/classes:/home/nileshjani/.m2/repository/org/springframework/boot/spring-boot-starter-aop/2.0.1.RELEASE/spring-boot-starter-aop-2.0.1.RELEASE.jar:/home/nileshjani/.m2/repository/org/springframework/boot/spring-boot-starter/2.0.1.RELEASE/spring-boot-starter-2.0.1.RELEASE.jar:/home/nileshjani/.m2/repository/org/springframework/boot/spring-boot/2.0.1.RELEASE/spring-boot-2.0.1.RELEASE.jar:/home/nileshjani/.m2/repository/org/springframework/boot/spring-boot-autoconfigure/2.0.1.RELEASE/spring-boot-autoconfigure-2.0.1.RELEASE.jar:/home/nileshjani/.m2/repository/org/springframework/boot/spring-boot-starter-logging/2.0.1.RELEASE/spring-boot-starter-logging-2.0.1.RELEASE.jar:/home/nileshjani/.m2/repository/org/apache/logging/log4j/log4j-to-slf4j/2.10.0/log4j-to-slf4j-2.10.0.jar:/home/nileshjani/.m2/repository/org/apache/logging/log4j/log4j-api/2.10.0/log4j-api-2.10.0.jar:/home/nileshjani/.m2/repository/org/slf4j/jul-to-slf4j/1.7.25/jul-to-slf4j-1.7.25.jar:/home/nileshjani/.m2/repository/javax/annotation/javax.annotation-api/1.3.2/javax.annotation-api-1.3.2.jar:/home/nileshjani/.m2/repository/org/yaml/snakeyaml/1.19/snakeyaml-1.19.jar:/home/nileshjani/.m2/repository/org/springframework/spring-aop/5.0.5.RELEASE/spring-aop-5.0.5.RELEASE.jar:/home/nileshjani/.m2/repository/org/aspectj/aspectjweaver/1.8.13/aspectjweaver-1.8.13.jar:/home/nileshjani/.m2/repository/org/neo4j/neo4j-ogm/1.1.0/neo4j-ogm-1.1.0.jar:/home/nileshjani/.m2/repository/com/fasterxml/jackson/core/jackson-databind/2.9.5/jackson-databind-2.9.5.jar:/home/nileshjani/.m2/repository/com/fasterxml/jackson/core/jackson-annotations/2.9.0/jackson-annotations-2.9.0.jar:/home/nileshjani/.m2/repository/com/fasterxml/jackson/core/jackson-core/2.9.5/jackson-core-2.9.5.jar:/home/nileshjani/.m2/repository/org/apache/httpcomponents/httpclient/4.5.5/httpclient-4.5.5.jar:/home/nileshjani/.m2/repository/org/apache/httpcomponents/httpcore/4.4.9/httpcore-4.4.9.jar:/home/nileshjani/.m2/repository/commons-codec/commons-codec/1.11/commons-codec-1.11.jar:/home/nileshjani/.m2/repository/org/neo4j/neo4j/2.2.2/neo4j-2.2.2.jar:/home/nileshjani/.m2/repository/org/neo4j/neo4j-kernel/2.2.2/neo4j-kernel-2.2.2.jar:/home/nileshjani/.m2/repository/org/neo4j/neo4j-primitive-collections/2.2.2/neo4j-primitive-collections-2.2.2.jar:/home/nileshjani/.m2/repository/org/neo4j/neo4j-unsafe/2.2.2/neo4j-unsafe-2.2.2.jar:/home/nileshjani/.m2/repository/org/neo4j/neo4j-io/2.2.2/neo4j-io-2.2.2.jar:/home/nileshjani/.m2/repository/org/neo4j/neo4j-csv/2.2.2/neo4j-csv-2.2.2.jar:/home/nileshjani/.m2/repository/org/neo4j/neo4j-lucene-index/2.2.2/neo4j-lucene-index-2.2.2.jar:/home/nileshjani/.m2/repository/org/apache/lucene/lucene-core/3.6.2/lucene-core-3.6.2.jar:/home/nileshjani/.m2/repository/org/neo4j/neo4j-graph-algo/2.2.2/neo4j-graph-algo-2.2.2.jar:/home/nileshjani/.m2/repository/org/neo4j/neo4j-udc/2.2.2/neo4j-udc-2.2.2.jar:/home/nileshjani/.m2/repository/org/neo4j/neo4j-graph-matching/2.2.2/neo4j-graph-matching-2.2.2.jar:/home/nileshjani/.m2/repository/org/neo4j/neo4j-cypher/2.2.2/neo4j-cypher-2.2.2.jar:/home/nileshjani/.m2/repository/org/scala-lang/scala-library/2.10.5/scala-library-2.10.5.jar:/home/nileshjani/.m2/repository/org/scala-lang/scala-reflect/2.10.5/scala-reflect-2.10.5.jar:/home/nileshjani/.m2/repository/org/neo4j/neo4j-cypher-compiler-1.9/2.0.4/neo4j-cypher-compiler-1.9-2.0.4.jar:/home/nileshjani/.m2/repository/org/neo4j/neo4j-cypher-compiler-2.0/2.0.4/neo4j-cypher-compiler-2.0-2.0.4.jar:/home/nileshjani/.m2/repository/org/neo4j/neo4j-cypher-compiler-2.1/2.1.8/neo4j-cypher-compiler-2.1-2.1.8.jar:/home/nileshjani/.m2/repository/org/neo4j/neo4j-cypher-compiler-2.2/2.2.2/neo4j-cypher-compiler-2.2-2.2.2.jar:/home/nileshjani/.m2/repository/org/parboiled/parboiled-scala_2.10/1.1.7/parboiled-scala_2.10-1.1.7.jar:/home/nileshjani/.m2/repository/org/parboiled/parboiled-core/1.1.7/parboiled-core-1.1.7.jar:/home/nileshjani/.m2/repository/net/sf/opencsv/opencsv/2.3/opencsv-2.3.jar:/home/nileshjani/.m2/repository/com/googlecode/concurrentlinkedhashmap/concurrentlinkedhashmap-lru/1.4/concurrentlinkedhashmap-lru-1.4.jar:/home/nileshjani/.m2/repository/org/neo4j/neo4j-jmx/2.2.2/neo4j-jmx-2.2.2.jar:/home/nileshjani/.m2/repository/org/neo4j/neo4j-consistency-check/2.2.2/neo4j-consistency-check-2.2.2.jar:/home/nileshjani/.m2/repository/org/neo4j/app/neo4j-server/2.2.2/neo4j-server-2.2.2.jar:/home/nileshjani/.m2/repository/org/neo4j/server-api/2.2.2/server-api-2.2.2.jar:/home/nileshjani/.m2/repository/org/neo4j/3rdparty/javax/ws/rs/jsr311-api/1.1.2.r612/jsr311-api-1.1.2.r612.jar:/home/nileshjani/.m2/repository/org/neo4j/app/neo4j-browser/2.2.2/neo4j-browser-2.2.2.jar:/home/nileshjani/.m2/repository/ch/qos/logback/logback-classic/1.2.3/logback-classic-1.2.3.jar:/home/nileshjani/.m2/repository/ch/qos/logback/logback-core/1.2.3/logback-core-1.2.3.jar:/home/nileshjani/.m2/repository/ch/qos/logback/logback-access/1.2.3/logback-access-1.2.3.jar:/home/nileshjani/.m2/repository/org/codehaus/janino/janino/3.0.8/janino-3.0.8.jar:/home/nileshjani/.m2/repository/org/codehaus/janino/commons-compiler/3.0.8/commons-compiler-3.0.8.jar:/home/nileshjani/.m2/repository/org/eclipse/jetty/jetty-server/9.4.9.v20180320/jetty-server-9.4.9.v20180320.jar:/home/nileshjani/.m2/repository/javax/servlet/javax.servlet-api/3.1.0/javax.servlet-api-3.1.0.jar:/home/nileshjani/.m2/repository/org/eclipse/jetty/jetty-http/9.4.9.v20180320/jetty-http-9.4.9.v20180320.jar:/home/nileshjani/.m2/repository/org/eclipse/jetty/jetty-util/9.4.9.v20180320/jetty-util-9.4.9.v20180320.jar:/home/nileshjani/.m2/repository/org/eclipse/jetty/jetty-io/9.4.9.v20180320/jetty-io-9.4.9.v20180320.jar:/home/nileshjani/.m2/repository/org/eclipse/jetty/jetty-webapp/9.4.9.v20180320/jetty-webapp-9.4.9.v20180320.jar:/home/nileshjani/.m2/repository/org/eclipse/jetty/jetty-xml/9.4.9.v20180320/jetty-xml-9.4.9.v20180320.jar:/home/nileshjani/.m2/repository/org/eclipse/jetty/jetty-servlet/9.4.9.v20180320/jetty-servlet-9.4.9.v20180320.jar:/home/nileshjani/.m2/repository/org/eclipse/jetty/jetty-security/9.4.9.v20180320/jetty-security-9.4.9.v20180320.jar:/home/nileshjani/.m2/repository/com/sun/jersey/jersey-server/1.18.1/jersey-server-1.18.1.jar:/home/nileshjani/.m2/repository/com/sun/jersey/jersey-core/1.18.1/jersey-core-1.18.1.jar:/home/nileshjani/.m2/repository/com/sun/jersey/jersey-servlet/1.18.1/jersey-servlet-1.18.1.jar:/home/nileshjani/.m2/repository/commons-configuration/commons-configuration/1.10/commons-configuration-1.10.jar:/home/nileshjani/.m2/repository/commons-logging/commons-logging/1.1.1/commons-logging-1.1.1.jar:/home/nileshjani/.m2/repository/commons-digester/commons-digester/2.1/commons-digester-2.1.jar:/home/nileshjani/.m2/repository/commons-beanutils/commons-beanutils/1.8.3/commons-beanutils-1.8.3.jar:/home/nileshjani/.m2/repository/org/codehaus/jackson/jackson-jaxrs/1.9.13/jackson-jaxrs-1.9.13.jar:/home/nileshjani/.m2/repository/org/codehaus/jackson/jackson-core-asl/1.9.13/jackson-core-asl-1.9.13.jar:/home/nileshjani/.m2/repository/org/codehaus/jackson/jackson-mapper-asl/1.9.13/jackson-mapper-asl-1.9.13.jar:/home/nileshjani/.m2/repository/org/rrd4j/rrd4j/2.2/rrd4j-2.2.jar:/home/nileshjani/.m2/repository/org/mozilla/rhino/1.7R4/rhino-1.7R4.jar:/home/nileshjani/.m2/repository/bouncycastle/bcprov-jdk16/140/bcprov-jdk16-140.jar:/home/nileshjani/.m2/repository/com/sun/jersey/contribs/jersey-multipart/1.18.1/jersey-multipart-1.18.1.jar:/home/nileshjani/.m2/repository/org/jvnet/mimepull/mimepull/1.9.3/mimepull-1.9.3.jar:/home/nileshjani/.m2/repository/org/neo4j/neo4j-shell/2.2.2/neo4j-shell-2.2.2.jar:/home/nileshjani/.m2/repository/org/apache/servicemix/bundles/org.apache.servicemix.bundles.jline/0.9.94_1/org.apache.servicemix.bundles.jline-0.9.94_1.jar:/home/nileshjani/.m2/repository/commons-lang/commons-lang/2.6/commons-lang-2.6.jar:/home/nileshjani/.m2/repository/org/springframework/data/spring-data-neo4j/5.0.6.RELEASE/spring-data-neo4j-5.0.6.RELEASE.jar:/home/nileshjani/.m2/repository/org/springframework/spring-tx/5.0.5.RELEASE/spring-tx-5.0.5.RELEASE.jar:/home/nileshjani/.m2/repository/org/springframework/spring-context/5.0.5.RELEASE/spring-context-5.0.5.RELEASE.jar:/home/nileshjani/.m2/repository/org/springframework/spring-expression/5.0.5.RELEASE/spring-expression-5.0.5.RELEASE.jar:/home/nileshjani/.m2/repository/org/springframework/spring-beans/5.0.5.RELEASE/spring-beans-5.0.5.RELEASE.jar:/home/nileshjani/.m2/repository/org/springframework/spring-core/5.0.5.RELEASE/spring-core-5.0.5.RELEASE.jar:/home/nileshjani/.m2/repository/org/springframework/spring-jcl/5.0.5.RELEASE/spring-jcl-5.0.5.RELEASE.jar:/home/nileshjani/.m2/repository/org/slf4j/jcl-over-slf4j/1.7.25/jcl-over-slf4j-1.7.25.jar:/home/nileshjani/.m2/repository/org/springframework/data/spring-data-commons/2.0.6.RELEASE/spring-data-commons-2.0.6.RELEASE.jar:/home/nileshjani/.m2/repository/org/neo4j/neo4j-ogm-bolt-driver/3.1.0/neo4j-ogm-bolt-driver-3.1.0.jar:/home/nileshjani/.m2/repository/org/slf4j/slf4j-api/1.7.25/slf4j-api-1.7.25.jar:/home/nileshjani/.m2/repository/org/neo4j/neo4j-ogm-http-driver/3.1.0/neo4j-ogm-http-driver-3.1.0.jar:/home/nileshjani/.m2/repository/org/neo4j/neo4j-ogm-api/3.1.0/neo4j-ogm-api-3.1.0.jar:/home/nileshjani/.m2/repository/commons-io/commons-io/2.4/commons-io-2.4.jar:/home/nileshjani/.m2/repository/org/neo4j/neo4j-ogm-core/3.1.0/neo4j-ogm-core-3.1.0.jar:/home/nileshjani/.m2/repository/org/apache/commons/commons-lang3/3.7/commons-lang3-3.7.jar:/home/nileshjani/.m2/repository/io/github/lukehutch/fast-classpath-scanner/2.7.4/fast-classpath-scanner-2.7.4.jar:/home/nileshjani/.m2/repository/org/neo4j/neo4j-ogm-embedded-driver/3.1.2/neo4j-ogm-embedded-driver-3.1.2.jar:/home/nileshjani/.m2/repository/org/neo4j/neo4j-jdbc-bolt/3.4.0/neo4j-jdbc-bolt-3.4.0.jar:/home/nileshjani/.m2/repository/org/neo4j/driver/neo4j-java-driver/1.6.1/neo4j-java-driver-1.6.1.jar:/home/nileshjani/.m2/repository/org/neo4j/neo4j-jdbc/3.4.0/neo4j-jdbc-3.4.0.jar:/home/nileshjani/.m2/repository/org/springframework/boot/spring-boot-starter-thymeleaf/2.0.1.RELEASE/spring-boot-starter-thymeleaf-2.0.1.RELEASE.jar:/home/nileshjani/.m2/repository/org/thymeleaf/thymeleaf-spring5/3.0.9.RELEASE/thymeleaf-spring5-3.0.9.RELEASE.jar:/home/nileshjani/.m2/repository/org/thymeleaf/thymeleaf/3.0.9.RELEASE/thymeleaf-3.0.9.RELEASE.jar:/home/nileshjani/.m2/repository/org/attoparser/attoparser/2.0.4.RELEASE/attoparser-2.0.4.RELEASE.jar:/home/nileshjani/.m2/repository/org/unbescape/unbescape/1.1.5.RELEASE/unbescape-1.1.5.RELEASE.jar:/home/nileshjani/.m2/repository/org/thymeleaf/extras/thymeleaf-extras-java8time/3.0.1.RELEASE/thymeleaf-extras-java8time-3.0.1.RELEASE.jar:/home/nileshjani/.m2/repository/org/springframework/boot/spring-boot-starter-web/2.0.1.RELEASE/spring-boot-starter-web-2.0.1.RELEASE.jar:/home/nileshjani/.m2/repository/org/springframework/boot/spring-boot-starter-json/2.0.1.RELEASE/spring-boot-starter-json-2.0.1.RELEASE.jar:/home/nileshjani/.m2/repository/com/fasterxml/jackson/datatype/jackson-datatype-jdk8/2.9.5/jackson-datatype-jdk8-2.9.5.jar:/home/nileshjani/.m2/repository/com/fasterxml/jackson/datatype/jackson-datatype-jsr310/2.9.5/jackson-datatype-jsr310-2.9.5.jar:/home/nileshjani/.m2/repository/com/fasterxml/jackson/module/jackson-module-parameter-names/2.9.5/jackson-module-parameter-names-2.9.5.jar:/home/nileshjani/.m2/repository/org/springframework/boot/spring-boot-starter-tomcat/2.0.1.RELEASE/spring-boot-starter-tomcat-2.0.1.RELEASE.jar:/home/nileshjani/.m2/repository/org/apache/tomcat/embed/tomcat-embed-core/8.5.29/tomcat-embed-core-8.5.29.jar:/home/nileshjani/.m2/repository/org/apache/tomcat/embed/tomcat-embed-el/8.5.29/tomcat-embed-el-8.5.29.jar:/home/nileshjani/.m2/repository/org/apache/tomcat/embed/tomcat-embed-websocket/8.5.29/tomcat-embed-websocket-8.5.29.jar:/home/nileshjani/.m2/repository/org/hibernate/validator/hibernate-validator/6.0.9.Final/hibernate-validator-6.0.9.Final.jar:/home/nileshjani/.m2/repository/javax/validation/validation-api/2.0.1.Final/validation-api-2.0.1.Final.jar:/home/nileshjani/.m2/repository/org/jboss/logging/jboss-logging/3.3.2.Final/jboss-logging-3.3.2.Final.jar:/home/nileshjani/.m2/repository/com/fasterxml/classmate/1.3.4/classmate-1.3.4.jar:/home/nileshjani/.m2/repository/org/springframework/spring-web/5.0.5.RELEASE/spring-web-5.0.5.RELEASE.jar:/home/nileshjani/.m2/repository/org/springframework/spring-webmvc/5.0.5.RELEASE/spring-webmvc-5.0.5.RELEASE.jar:/home/nileshjani/.m2/repository/org/springframework/boot/spring-boot-starter-test/2.0.1.RELEASE/spring-boot-starter-test-2.0.1.RELEASE.jar:/home/nileshjani/.m2/repository/org/springframework/boot/spring-boot-test/2.0.1.RELEASE/spring-boot-test-2.0.1.RELEASE.jar:/home/nileshjani/.m2/repository/org/springframework/boot/spring-boot-test-autoconfigure/2.0.1.RELEASE/spring-boot-test-autoconfigure-2.0.1.RELEASE.jar:/home/nileshjani/.m2/repository/com/jayway/jsonpath/json-path/2.4.0/json-path-2.4.0.jar:/home/nileshjani/.m2/repository/net/minidev/json-smart/2.3/json-smart-2.3.jar:/home/nileshjani/.m2/repository/net/minidev/accessors-smart/1.2/accessors-smart-1.2.jar:/home/nileshjani/.m2/repository/org/ow2/asm/asm/5.0.4/asm-5.0.4.jar:/home/nileshjani/.m2/repository/junit/junit/4.12/junit-4.12.jar:/home/nileshjani/.m2/repository/org/assertj/assertj-core/3.9.1/assertj-core-3.9.1.jar:/home/nileshjani/.m2/repository/org/mockito/mockito-core/2.15.0/mockito-core-2.15.0.jar:/home/nileshjani/.m2/repository/net/bytebuddy/byte-buddy/1.7.11/byte-buddy-1.7.11.jar:/home/nileshjani/.m2/repository/net/bytebuddy/byte-buddy-agent/1.7.11/byte-buddy-agent-1.7.11.jar:/home/nileshjani/.m2/repository/org/objenesis/objenesis/2.6/objenesis-2.6.jar:/home/nileshjani/.m2/repository/org/hamcrest/hamcrest-core/1.3/hamcrest-core-1.3.jar:/home/nileshjani/.m2/repository/org/hamcrest/hamcrest-library/1.3/hamcrest-library-1.3.jar:/home/nileshjani/.m2/repository/org/skyscreamer/jsonassert/1.5.0/jsonassert-1.5.0.jar:/home/nileshjani/.m2/repository/com/vaadin/external/google/android-json/0.0.20131108.vaadin1/android-json-0.0.20131108.vaadin1.jar:/home/nileshjani/.m2/repository/org/springframework/spring-test/5.0.5.RELEASE/spring-test-5.0.5.RELEASE.jar:/home/nileshjani/.m2/repository/org/xmlunit/xmlunit-core/2.5.1/xmlunit-core-2.5.1.jar:/home/nileshjani/.m2/repository/org/junit/jupiter/junit-jupiter-engine/5.0.0/junit-jupiter-engine-5.0.0.jar:/home/nileshjani/.m2/repository/org/apiguardian/apiguardian-api/1.0.0/apiguardian-api-1.0.0.jar:/home/nileshjani/.m2/repository/org/junit/platform/junit-platform-engine/1.0.0/junit-platform-engine-1.0.0.jar:/home/nileshjani/.m2/repository/org/junit/platform/junit-platform-commons/1.0.0/junit-platform-commons-1.0.0.jar:/home/nileshjani/.m2/repository/org/opentest4j/opentest4j/1.0.0/opentest4j-1.0.0.jar:/home/nileshjani/.m2/repository/org/junit/jupiter/junit-jupiter-api/5.1.0/junit-jupiter-api-5.1.0.jar:"/>
    <property name="sun.cpu.endian" value="little"/>
    <property name="user.home" value="/home/nileshjani"/>
    <property name="user.language" value="en"/>
    <property name="java.specification.vendor" value="Oracle Corporation"/>
    <property name="java.home" value="/usr/lib/jvm/java-8-oracle/jre"/>
    <property name="basedir" value="/home/nileshjani/Documents/impdoc/workspace-sts-3.7.0.RELEASE/spring-boot-neo4j-example"/>
    <property name="file.separator" value="/"/>
    <property name="line.separator" value="&#10;"/>
    <property name="java.vm.specification.vendor" value="Oracle Corporation"/>
    <property name="java.specification.name" value="Java Platform API Specification"/>
    <property name="java.awt.graphicsenv" value="sun.awt.X11GraphicsEnvironment"/>
    <property name="surefire.real.class.path" value="/home/nileshjani/Documents/impdoc/workspace-sts-3.7.0.RELEASE/spring-boot-neo4j-example/target/surefire/surefirebooter6351230938805137316.jar"/>
    <property name="sun.boot.class.path" value="/usr/lib/jvm/java-8-oracle/jre/lib/resources.jar:/usr/lib/jvm/java-8-oracle/jre/lib/rt.jar:/usr/lib/jvm/java-8-oracle/jre/lib/sunrsasign.jar:/usr/lib/jvm/java-8-oracle/jre/lib/jsse.jar:/usr/lib/jvm/java-8-oracle/jre/lib/jce.jar:/usr/lib/jvm/java-8-oracle/jre/lib/charsets.jar:/usr/lib/jvm/java-8-oracle/jre/lib/jfr.jar:/usr/lib/jvm/java-8-oracle/jre/classes"/>
    <property name="sun.management.compiler" value="HotSpot 64-Bit Tiered Compilers"/>
    <property name="java.runtime.version" value="1.8.0_201-b09"/>
    <property name="user.name" value="nileshjani"/>
    <property name="path.separator" value=":"/>
    <property name="os.version" value="4.15.0-88-generic"/>
    <property name="java.endorsed.dirs" value="/usr/lib/jvm/java-8-oracle/jre/lib/endorsed"/>
    <property name="java.runtime.name" value="Java(TM) SE Runtime Environment"/>
    <property name="file.encoding" value="UTF-8"/>
    <property name="java.vm.name" value="Java HotSpot(TM) 64-Bit Server VM"/>
    <property name="localRepository" value="/home/nileshjani/.m2/repository"/>
    <property name="java.vendor.url.bug" value="http://bugreport.sun.com/bugreport/"/>
    <property name="java.io.tmpdir" value="/tmp"/>
    <property name="java.version" value="1.8.0_201"/>
    <property name="user.dir" value="/home/nileshjani/Documents/impdoc/workspace-sts-3.7.0.RELEASE/spring-boot-neo4j-example"/>
    <property name="os.arch" value="amd64"/>
    <property name="java.vm.specification.name" value="Java Virtual Machine Specification"/>
    <property name="java.awt.printerjob" value="sun.print.PSPrinterJob"/>
    <property name="sun.os.patch.level" value="unknown"/>
    <property name="java.library.path" value="/usr/java/packages/lib/amd64:/usr/lib64:/lib64:/lib:/usr/lib"/>
    <property name="java.vm.info" value="mixed mode"/>
    <property name="java.vendor" value="Oracle Corporation"/>
    <property name="java.vm.version" value="25.201-b09"/>
    <property name="java.ext.dirs" value="/usr/lib/jvm/java-8-oracle/jre/lib/ext:/usr/java/packages/lib/ext"/>
    <property name="sun.io.unicode.encoding" value="UnicodeLittle"/>
    <property name="java.class.version" value="52.0"/>
  </properties>
  <testcase name="contextLoads" classname="homework.neo4j.SpringBootNeo4jApplicationTests" time="0.008">
    <error message="Failed to load ApplicationContext" type="java.lang.IllegalStateException">java.lang.IllegalStateException: Failed to load ApplicationContext
Caused by: java.lang.IllegalArgumentException: Invalid source 'classpath:/homework/neo4j/homework.neo4j.repositories'
</error>
    <system-out><![CDATA[14:20:40.298 [main] INFO  o.s.b.t.c.SpringBootTestContextBootstrapper - Loaded default TestExecutionListener class names from location [META-INF/spring.factories]: [org.springframework.boot.test.mock.mockito.MockitoTestExecutionListener, org.springframework.boot.test.mock.mockito.ResetMocksTestExecutionListener, org.springframework.boot.test.autoconfigure.restdocs.RestDocsTestExecutionListener, org.springframework.boot.test.autoconfigure.web.client.MockRestServiceServerResetTestExecutionListener, org.springframework.boot.test.autoconfigure.web.servlet.MockMvcPrintOnlyOnFailureTestExecutionListener, org.springframework.boot.test.autoconfigure.web.servlet.WebDriverTestExecutionListener, org.springframework.test.context.web.ServletTestExecutionListener, org.springframework.test.context.support.DirtiesContextBeforeModesTestExecutionListener, org.springframework.test.context.support.DependencyInjectionTestExecutionListener, org.springframework.test.context.support.DirtiesContextTestExecutionListener, org.springframework.test.context.transaction.TransactionalTestExecutionListener, org.springframework.test.context.jdbc.SqlScriptsTestExecutionListener]
14:20:40.336 [main] INFO  o.s.b.t.c.SpringBootTestContextBootstrapper - Using TestExecutionListeners: [org.springframework.test.context.web.ServletTestExecutionListener@24aed80c, org.springframework.test.context.support.DirtiesContextBeforeModesTestExecutionListener@3a52dba3, org.springframework.boot.test.mock.mockito.MockitoTestExecutionListener@2a5c8d3f, org.springframework.boot.test.autoconfigure.SpringBootDependencyInjectionTestExecutionListener@752325ad, org.springframework.test.context.support.DirtiesContextTestExecutionListener@279fedbd, org.springframework.test.context.transaction.TransactionalTestExecutionListener@b3ca52e, org.springframework.test.context.jdbc.SqlScriptsTestExecutionListener@45c7e403, org.springframework.boot.test.mock.mockito.ResetMocksTestExecutionListener@2925bf5b, org.springframework.boot.test.autoconfigure.restdocs.RestDocsTestExecutionListener@710f4dc7, org.springframework.boot.test.autoconfigure.web.client.MockRestServiceServerResetTestExecutionListener@1ff4931d, org.springframework.boot.test.autoconfigure.web.servlet.MockMvcPrintOnlyOnFailureTestExecutionListener@65e98b1c, org.springframework.boot.test.autoconfigure.web.servlet.WebDriverTestExecutionListener@61322f9d]

  .   ____          _            __ _ _
 /\\ / ___'_ __ _ _(_)_ __  __ _ \ \ \ \
( ( )\___ | '_ | '_| | '_ \/ _` | \ \ \ \
 \\/  ___)| |_)| | | | | || (_| |  ) ) ) )
  '  |____| .__|_| |_|_| |_\__, | / / / /
 =========|_|==============|___/=/_/_/_/
 :: Spring Boot ::        (v2.0.1.RELEASE)

14:20:40.775 [main] INFO  h.n.SpringBootNeo4jApplicationTests - Starting SpringBootNeo4jApplicationTests on nileshjani-ThinkPad-W510 with PID 17652 (started by nileshjani in /home/nileshjani/Documents/impdoc/workspace-sts-3.7.0.RELEASE/spring-boot-neo4j-example)
14:20:40.776 [main] INFO  h.n.SpringBootNeo4jApplicationTests - No active profile set, falling back to default profiles: default
14:20:41.619 [main] ERROR o.s.boot.SpringApplication - Application run failed
java.lang.IllegalArgumentException: Invalid source 'classpath:/homework/neo4j/homework.neo4j.repositories'
	at org.springframework.boot.BeanDefinitionLoader.load(BeanDefinitionLoader.java:214)
	at org.springframework.boot.BeanDefinitionLoader.load(BeanDefinitionLoader.java:144)
	at org.springframework.boot.BeanDefinitionLoader.load(BeanDefinitionLoader.java:127)
	at org.springframework.boot.SpringApplication.load(SpringApplication.java:701)
	at org.springframework.boot.SpringApplication.prepareContext(SpringApplication.java:390)
	at org.springframework.boot.SpringApplication.run(SpringApplication.java:325)
	at org.springframework.boot.test.context.SpringBootContextLoader.loadContext(SpringBootContextLoader.java:138)
	at org.springframework.test.context.cache.DefaultCacheAwareContextLoaderDelegate.loadContextInternal(DefaultCacheAwareContextLoaderDelegate.java:99)
	at org.springframework.test.context.cache.DefaultCacheAwareContextLoaderDelegate.loadContext(DefaultCacheAwareContextLoaderDelegate.java:117)
	at org.springframework.test.context.support.DefaultTestContext.getApplicationContext(DefaultTestContext.java:108)
	at org.springframework.test.context.web.ServletTestExecutionListener.setUpRequestContextIfNecessary(ServletTestExecutionListener.java:190)
	at org.springframework.test.context.web.ServletTestExecutionListener.prepareTestInstance(ServletTestExecutionListener.java:132)
	at org.springframework.test.context.TestContextManager.prepareTestInstance(TestContextManager.java:246)
	at org.springframework.test.context.junit4.SpringJUnit4ClassRunner.createTest(SpringJUnit4ClassRunner.java:227)
	at org.springframework.test.context.junit4.SpringJUnit4ClassRunner$1.runReflectiveCall(SpringJUnit4ClassRunner.java:289)
	at org.junit.internal.runners.model.ReflectiveCallable.run(ReflectiveCallable.java:12)
	at org.springframework.test.context.junit4.SpringJUnit4ClassRunner.methodBlock(SpringJUnit4ClassRunner.java:291)
	at org.springframework.test.context.junit4.SpringJUnit4ClassRunner.runChild(SpringJUnit4ClassRunner.java:246)
	at org.springframework.test.context.junit4.SpringJUnit4ClassRunner.runChild(SpringJUnit4ClassRunner.java:97)
	at org.junit.runners.ParentRunner$3.run(ParentRunner.java:290)
	at org.junit.runners.ParentRunner$1.schedule(ParentRunner.java:71)
	at org.junit.runners.ParentRunner.runChildren(ParentRunner.java:288)
	at org.junit.runners.ParentRunner.access$000(ParentRunner.java:58)
	at org.junit.runners.ParentRunner$2.evaluate(ParentRunner.java:268)
	at org.springframework.test.context.junit4.statements.RunBeforeTestClassCallbacks.evaluate(RunBeforeTestClassCallbacks.java:61)
	at org.springframework.test.context.junit4.statements.RunAfterTestClassCallbacks.evaluate(RunAfterTestClassCallbacks.java:70)
	at org.junit.runners.ParentRunner.run(ParentRunner.java:363)
	at org.springframework.test.context.junit4.SpringJUnit4ClassRunner.run(SpringJUnit4ClassRunner.java:190)
	at org.apache.maven.surefire.junit4.JUnit4Provider.execute(JUnit4Provider.java:365)
	at org.apache.maven.surefire.junit4.JUnit4Provider.executeWithRerun(JUnit4Provider.java:273)
	at org.apache.maven.surefire.junit4.JUnit4Provider.executeTestSet(JUnit4Provider.java:238)
	at org.apache.maven.surefire.junit4.JUnit4Provider.invoke(JUnit4Provider.java:159)
	at org.apache.maven.surefire.booter.ForkedBooter.invokeProviderInSameClassLoader(ForkedBooter.java:379)
	at org.apache.maven.surefire.booter.ForkedBooter.runSuitesInProcess(ForkedBooter.java:340)
	at org.apache.maven.surefire.booter.ForkedBooter.execute(ForkedBooter.java:125)
	at org.apache.maven.surefire.booter.ForkedBooter.main(ForkedBooter.java:413)
14:20:41.621 [main] ERROR o.s.test.context.TestContextManager - Caught exception while allowing TestExecutionListener [org.springframework.test.context.web.ServletTestExecutionListener@24aed80c] to prepare test instance [homework.neo4j.SpringBootNeo4jApplicationTests@1e16c0aa]
java.lang.IllegalStateException: Failed to load ApplicationContext
	at org.springframework.test.context.cache.DefaultCacheAwareContextLoaderDelegate.loadContext(DefaultCacheAwareContextLoaderDelegate.java:125)
	at org.springframework.test.context.support.DefaultTestContext.getApplicationContext(DefaultTestContext.java:108)
	at org.springframework.test.context.web.ServletTestExecutionListener.setUpRequestContextIfNecessary(ServletTestExecutionListener.java:190)
	at org.springframework.test.context.web.ServletTestExecutionListener.prepareTestInstance(ServletTestExecutionListener.java:132)
	at org.springframework.test.context.TestContextManager.prepareTestInstance(TestContextManager.java:246)
	at org.springframework.test.context.junit4.SpringJUnit4ClassRunner.createTest(SpringJUnit4ClassRunner.java:227)
	at org.springframework.test.context.junit4.SpringJUnit4ClassRunner$1.runReflectiveCall(SpringJUnit4ClassRunner.java:289)
	at org.junit.internal.runners.model.ReflectiveCallable.run(ReflectiveCallable.java:12)
	at org.springframework.test.context.junit4.SpringJUnit4ClassRunner.methodBlock(SpringJUnit4ClassRunner.java:291)
	at org.springframework.test.context.junit4.SpringJUnit4ClassRunner.runChild(SpringJUnit4ClassRunner.java:246)
	at org.springframework.test.context.junit4.SpringJUnit4ClassRunner.runChild(SpringJUnit4ClassRunner.java:97)
	at org.junit.runners.ParentRunner$3.run(ParentRunner.java:290)
	at org.junit.runners.ParentRunner$1.schedule(ParentRunner.java:71)
	at org.junit.runners.ParentRunner.runChildren(ParentRunner.java:288)
	at org.junit.runners.ParentRunner.access$000(ParentRunner.java:58)
	at org.junit.runners.ParentRunner$2.evaluate(ParentRunner.java:268)
	at org.springframework.test.context.junit4.statements.RunBeforeTestClassCallbacks.evaluate(RunBeforeTestClassCallbacks.java:61)
	at org.springframework.test.context.junit4.statements.RunAfterTestClassCallbacks.evaluate(RunAfterTestClassCallbacks.java:70)
	at org.junit.runners.ParentRunner.run(ParentRunner.java:363)
	at org.springframework.test.context.junit4.SpringJUnit4ClassRunner.run(SpringJUnit4ClassRunner.java:190)
	at org.apache.maven.surefire.junit4.JUnit4Provider.execute(JUnit4Provider.java:365)
	at org.apache.maven.surefire.junit4.JUnit4Provider.executeWithRerun(JUnit4Provider.java:273)
	at org.apache.maven.surefire.junit4.JUnit4Provider.executeTestSet(JUnit4Provider.java:238)
	at org.apache.maven.surefire.junit4.JUnit4Provider.invoke(JUnit4Provider.java:159)
	at org.apache.maven.surefire.booter.ForkedBooter.invokeProviderInSameClassLoader(ForkedBooter.java:379)
	at org.apache.maven.surefire.booter.ForkedBooter.runSuitesInProcess(ForkedBooter.java:340)
	at org.apache.maven.surefire.booter.ForkedBooter.execute(ForkedBooter.java:125)
	at org.apache.maven.surefire.booter.ForkedBooter.main(ForkedBooter.java:413)
Caused by: java.lang.IllegalArgumentException: Invalid source 'classpath:/homework/neo4j/homework.neo4j.repositories'
	at org.springframework.boot.BeanDefinitionLoader.load(BeanDefinitionLoader.java:214)
	at org.springframework.boot.BeanDefinitionLoader.load(BeanDefinitionLoader.java:144)
	at org.springframework.boot.BeanDefinitionLoader.load(BeanDefinitionLoader.java:127)
	at org.springframework.boot.SpringApplication.load(SpringApplication.java:701)
	at org.springframework.boot.SpringApplication.prepareContext(SpringApplication.java:390)
	at org.springframework.boot.SpringApplication.run(SpringApplication.java:325)
	at org.springframework.boot.test.context.SpringBootContextLoader.loadContext(SpringBootContextLoader.java:138)
	at org.springframework.test.context.cache.DefaultCacheAwareContextLoaderDelegate.loadContextInternal(DefaultCacheAwareContextLoaderDelegate.java:99)
	at org.springframework.test.context.cache.DefaultCacheAwareContextLoaderDelegate.loadContext(DefaultCacheAwareContextLoaderDelegate.java:117)
	... 27 common frames omitted
]]></system-out>
  </testcase>
</testsuite>